2022-03-11 11:17:23.815  INFO 7264 --- [restartedMain] t.e.spring.Tp1SpringBootApplication      : Starting Tp1SpringBootApplication using Java 1.8.0_60 on DESKTOP-FQ3INT6 with PID 7264 (C:\Products\Workspace\tp1-spring-boot\target\classes started by Maale in C:\Products\Workspace\tp1-spring-boot)
2022-03-11 11:17:23.815  INFO 7264 --- [restartedMain] t.e.spring.Tp1SpringBootApplication      : No active profile set, falling back to default profiles: default
2022-03-11 11:17:23.929  INFO 7264 --- [restartedMain] .s.d.r.c.RepositoryConfigurationDelegate : Bootstrapping Spring Data JPA repositories in DEFAULT mode.
2022-03-11 11:17:23.949  INFO 7264 --- [restartedMain] .s.d.r.c.RepositoryConfigurationDelegate : Finished Spring Data repository scanning in 20 ms. Found 8 JPA repository interfaces.
2022-03-11 11:17:24.023  INFO 7264 --- [restartedMain] o.s.b.w.embedded.tomcat.TomcatWebServer  : Tomcat initialized with port(s): 8080 (http)
2022-03-11 11:17:24.024  INFO 7264 --- [restartedMain] o.apache.catalina.core.StandardService   : Starting service [Tomcat]
2022-03-11 11:17:24.024  INFO 7264 --- [restartedMain] org.apache.catalina.core.StandardEngine  : Starting Servlet engine: [Apache Tomcat/9.0.56]
2022-03-11 11:17:24.034  INFO 7264 --- [restartedMain] o.a.c.c.C.[Tomcat-1].[localhost].[/]     : Initializing Spring embedded WebApplicationContext
2022-03-11 11:17:24.035  INFO 7264 --- [restartedMain] w.s.c.ServletWebServerApplicationContext : Root WebApplicationContext: initialization completed in 218 ms
2022-03-11 11:17:24.057  INFO 7264 --- [restartedMain] o.hibernate.jpa.internal.util.LogHelper  : HHH000204: Processing PersistenceUnitInfo [name: default]
2022-03-11 11:17:24.060  INFO 7264 --- [restartedMain] com.zaxxer.hikari.HikariDataSource       : HikariPool-9 - Starting...
2022-03-11 11:17:24.064  INFO 7264 --- [restartedMain] com.zaxxer.hikari.HikariDataSource       : HikariPool-9 - Start completed.
2022-03-11 11:17:24.064  INFO 7264 --- [restartedMain] org.hibernate.dialect.Dialect            : HHH000400: Using dialect: org.hibernate.dialect.MySQL57Dialect
2022-03-11 11:17:24.142  INFO 7264 --- [restartedMain] o.h.e.t.j.p.i.JtaPlatformInitiator       : HHH000490: Using JtaPlatform implementation: [org.hibernate.engine.transaction.jta.platform.internal.NoJtaPlatform]
2022-03-11 11:17:24.142  INFO 7264 --- [restartedMain] j.LocalContainerEntityManagerFactoryBean : Initialized JPA EntityManagerFactory for persistence unit 'default'
2022-03-11 11:17:24.188  WARN 7264 --- [restartedMain] JpaBaseConfiguration$JpaWebConfiguration : spring.jpa.open-in-view is enabled by default. Therefore, database queries may be performed during view rendering. Explicitly configure spring.jpa.open-in-view to disable this warning
2022-03-11 11:17:24.260  INFO 7264 --- [restartedMain] o.s.b.d.a.OptionalLiveReloadServer       : LiveReload server is running on port 35729
2022-03-11 11:17:24.266  INFO 7264 --- [restartedMain] o.s.b.w.embedded.tomcat.TomcatWebServer  : Tomcat started on port(s): 8080 (http) with context path ''
2022-03-11 11:17:24.269  INFO 7264 --- [restartedMain] t.e.spring.Tp1SpringBootApplication      : Started Tp1SpringBootApplication in 0.491 seconds (JVM running for 255.884)
2022-03-11 11:17:24.271  INFO 7264 --- [restartedMain] .ConditionEvaluationDeltaLoggingListener : Condition evaluation unchanged
2022-03-11 11:17:32.068  INFO 7264 --- [Thread-52] j.LocalContainerEntityManagerFactoryBean : Closing JPA EntityManagerFactory for persistence unit 'default'
2022-03-11 11:17:32.069  INFO 7264 --- [Thread-52] com.zaxxer.hikari.HikariDataSource       : HikariPool-9 - Shutdown initiated...
2022-03-11 11:17:32.072  INFO 7264 --- [Thread-52] com.zaxxer.hikari.HikariDataSource       : HikariPool-9 - Shutdown completed.
